  glm.cpp
  Normal.cpp
  Application.cpp
C:\Users\caden\Documents\Code\Real\Physics_Engine\Dependencies\glText.h(301,22): warning C4267: '=': conversion from 'size_t' to 'int', possible loss of data
  (compiling source file 'src/Application/Application.cpp')
  
C:\Program Files (x86)\Windows Kits\10\Include\10.0.22621.0\shared\minwindef.h(130,9): warning C4005: 'APIENTRY': macro redefinition
  (compiling source file 'src/Application/Application.cpp')
      C:\Users\caden\Documents\Code\Real\Physics_Engine\Dependencies\GLFW\include\GLFW\glfw3.h(123,11):
      see previous definition of 'APIENTRY'
  
C:\Users\caden\Documents\Code\Real\Physics_Engine\src\Application\Application.cpp(40,21): warning C4244: '=': conversion from 'const int' to 'float', possible loss of data
C:\Users\caden\Documents\Code\Real\Physics_Engine\src\Application\Application.cpp(41,22): warning C4244: '=': conversion from 'const int' to 'float', possible loss of data
C:\Users\caden\Documents\Code\Real\Physics_Engine\src\Application\Application.cpp(44,45): warning C4244: 'argument': conversion from 'float' to 'int', possible loss of data
C:\Users\caden\Documents\Code\Real\Physics_Engine\src\Application\Application.cpp(44,34): warning C4244: 'argument': conversion from 'float' to 'int', possible loss of data
C:\Users\caden\Documents\Code\Real\Physics_Engine\src\Application\Application.cpp(74,31): warning C4244: 'argument': conversion from 'int' to '_Ty', possible loss of data
C:\Users\caden\Documents\Code\Real\Physics_Engine\src\Application\Application.cpp(74,31): warning C4244:         with
C:\Users\caden\Documents\Code\Real\Physics_Engine\src\Application\Application.cpp(74,31): warning C4244:         [
C:\Users\caden\Documents\Code\Real\Physics_Engine\src\Application\Application.cpp(74,31): warning C4244:             _Ty=float
C:\Users\caden\Documents\Code\Real\Physics_Engine\src\Application\Application.cpp(74,31): warning C4244:         ]
C:\Users\caden\Documents\Code\Real\Physics_Engine\src\Application\Application.cpp(75,31): warning C4244: 'argument': conversion from 'int' to '_Ty', possible loss of data
C:\Users\caden\Documents\Code\Real\Physics_Engine\src\Application\Application.cpp(75,31): warning C4244:         with
C:\Users\caden\Documents\Code\Real\Physics_Engine\src\Application\Application.cpp(75,31): warning C4244:         [
C:\Users\caden\Documents\Code\Real\Physics_Engine\src\Application\Application.cpp(75,31): warning C4244:             _Ty=float
C:\Users\caden\Documents\Code\Real\Physics_Engine\src\Application\Application.cpp(75,31): warning C4244:         ]
C:\Users\caden\Documents\Code\Real\Physics_Engine\src\Application\Application.cpp(82,53): warning C4244: 'argument': conversion from 'int' to '_Ty', possible loss of data
C:\Users\caden\Documents\Code\Real\Physics_Engine\src\Application\Application.cpp(82,53): warning C4244:         with
C:\Users\caden\Documents\Code\Real\Physics_Engine\src\Application\Application.cpp(82,53): warning C4244:         [
C:\Users\caden\Documents\Code\Real\Physics_Engine\src\Application\Application.cpp(82,53): warning C4244:             _Ty=float
C:\Users\caden\Documents\Code\Real\Physics_Engine\src\Application\Application.cpp(82,53): warning C4244:         ]
C:\Users\caden\Documents\Code\Real\Physics_Engine\src\Application\Application.cpp(83,61): warning C4244: 'argument': conversion from 'int' to '_Ty', possible loss of data
C:\Users\caden\Documents\Code\Real\Physics_Engine\src\Application\Application.cpp(83,61): warning C4244:         with
C:\Users\caden\Documents\Code\Real\Physics_Engine\src\Application\Application.cpp(83,61): warning C4244:         [
C:\Users\caden\Documents\Code\Real\Physics_Engine\src\Application\Application.cpp(83,61): warning C4244:             _Ty=float
C:\Users\caden\Documents\Code\Real\Physics_Engine\src\Application\Application.cpp(83,61): warning C4244:         ]
C:\Users\caden\Documents\Code\Real\Physics_Engine\src\Application\Application.cpp(96,63): warning C4267: 'argument': conversion from 'size_t' to 'unsigned int', possible loss of data
C:\Users\caden\Documents\Code\Real\Physics_Engine\src\Application\Application.cpp(102,63): warning C4267: 'argument': conversion from 'size_t' to 'unsigned int', possible loss of data
C:\Users\caden\Documents\Code\Real\Physics_Engine\src\Application\Application.cpp(120,34): warning C4244: 'argument': conversion from 'const _Ty1' to '_Ty', possible loss of data
C:\Users\caden\Documents\Code\Real\Physics_Engine\src\Application\Application.cpp(120,34): warning C4244:         with
C:\Users\caden\Documents\Code\Real\Physics_Engine\src\Application\Application.cpp(120,34): warning C4244:         [
C:\Users\caden\Documents\Code\Real\Physics_Engine\src\Application\Application.cpp(120,34): warning C4244:             _Ty1=double
C:\Users\caden\Documents\Code\Real\Physics_Engine\src\Application\Application.cpp(120,34): warning C4244:         ]
C:\Users\caden\Documents\Code\Real\Physics_Engine\src\Application\Application.cpp(120,34): warning C4244:         and
C:\Users\caden\Documents\Code\Real\Physics_Engine\src\Application\Application.cpp(120,34): warning C4244:         [
C:\Users\caden\Documents\Code\Real\Physics_Engine\src\Application\Application.cpp(120,34): warning C4244:             _Ty=float
C:\Users\caden\Documents\Code\Real\Physics_Engine\src\Application\Application.cpp(120,34): warning C4244:         ]
C:\Users\caden\Documents\Code\Real\Physics_Engine\src\Application\Application.cpp(121,34): warning C4244: 'argument': conversion from 'const _Ty2' to '_Ty', possible loss of data
C:\Users\caden\Documents\Code\Real\Physics_Engine\src\Application\Application.cpp(121,34): warning C4244:         with
C:\Users\caden\Documents\Code\Real\Physics_Engine\src\Application\Application.cpp(121,34): warning C4244:         [
C:\Users\caden\Documents\Code\Real\Physics_Engine\src\Application\Application.cpp(121,34): warning C4244:             _Ty2=double
C:\Users\caden\Documents\Code\Real\Physics_Engine\src\Application\Application.cpp(121,34): warning C4244:         ]
C:\Users\caden\Documents\Code\Real\Physics_Engine\src\Application\Application.cpp(121,34): warning C4244:         and
C:\Users\caden\Documents\Code\Real\Physics_Engine\src\Application\Application.cpp(121,34): warning C4244:         [
C:\Users\caden\Documents\Code\Real\Physics_Engine\src\Application\Application.cpp(121,34): warning C4244:             _Ty=float
C:\Users\caden\Documents\Code\Real\Physics_Engine\src\Application\Application.cpp(121,34): warning C4244:         ]
C:\Users\caden\Documents\Code\Real\Physics_Engine\src\Application\Application.cpp(133,47): warning C4267: 'argument': conversion from 'size_t' to 'unsigned int', possible loss of data
C:\Users\caden\Documents\Code\Real\Physics_Engine\src\Application\Application.cpp(153,35): warning C4244: 'argument': conversion from 'float' to 'GLsizei', possible loss of data
C:\Users\caden\Documents\Code\Real\Physics_Engine\src\Application\Application.cpp(153,24): warning C4244: 'argument': conversion from 'float' to 'GLsizei', possible loss of data
C:\Users\caden\Documents\Code\Real\Physics_Engine\src\Application\Application.cpp(180,38): warning C4244: 'argument': conversion from 'const _Ty1' to '_Ty', possible loss of data
C:\Users\caden\Documents\Code\Real\Physics_Engine\src\Application\Application.cpp(180,38): warning C4244:         with
C:\Users\caden\Documents\Code\Real\Physics_Engine\src\Application\Application.cpp(180,38): warning C4244:         [
C:\Users\caden\Documents\Code\Real\Physics_Engine\src\Application\Application.cpp(180,38): warning C4244:             _Ty1=double
C:\Users\caden\Documents\Code\Real\Physics_Engine\src\Application\Application.cpp(180,38): warning C4244:         ]
C:\Users\caden\Documents\Code\Real\Physics_Engine\src\Application\Application.cpp(180,38): warning C4244:         and
C:\Users\caden\Documents\Code\Real\Physics_Engine\src\Application\Application.cpp(180,38): warning C4244:         [
C:\Users\caden\Documents\Code\Real\Physics_Engine\src\Application\Application.cpp(180,38): warning C4244:             _Ty=float
C:\Users\caden\Documents\Code\Real\Physics_Engine\src\Application\Application.cpp(180,38): warning C4244:         ]
C:\Users\caden\Documents\Code\Real\Physics_Engine\src\Application\Application.cpp(181,38): warning C4244: 'argument': conversion from 'const _Ty2' to '_Ty', possible loss of data
C:\Users\caden\Documents\Code\Real\Physics_Engine\src\Application\Application.cpp(181,38): warning C4244:         with
C:\Users\caden\Documents\Code\Real\Physics_Engine\src\Application\Application.cpp(181,38): warning C4244:         [
C:\Users\caden\Documents\Code\Real\Physics_Engine\src\Application\Application.cpp(181,38): warning C4244:             _Ty2=double
C:\Users\caden\Documents\Code\Real\Physics_Engine\src\Application\Application.cpp(181,38): warning C4244:         ]
C:\Users\caden\Documents\Code\Real\Physics_Engine\src\Application\Application.cpp(181,38): warning C4244:         and
C:\Users\caden\Documents\Code\Real\Physics_Engine\src\Application\Application.cpp(181,38): warning C4244:         [
C:\Users\caden\Documents\Code\Real\Physics_Engine\src\Application\Application.cpp(181,38): warning C4244:             _Ty=float
C:\Users\caden\Documents\Code\Real\Physics_Engine\src\Application\Application.cpp(181,38): warning C4244:         ]
C:\Users\caden\Documents\Code\Real\Physics_Engine\src\Application\Application.cpp(185,63): warning C4267: 'argument': conversion from 'size_t' to 'unsigned int', possible loss of data
C:\Users\caden\Documents\Code\Real\Physics_Engine\src\Application\Application.cpp(193,13): warning C4267: 'argument': conversion from 'size_t' to 'GLsizei', possible loss of data
  Index_buffer.cpp
  Renderer.cpp
  Shader.cpp
  VertexBufferLayout.cpp
  Vertex_array.cpp
C:\Users\caden\Documents\Code\Real\Physics_Engine\src\Application\Vertex_array.cpp(20,3): warning C4312: 'type cast': conversion from 'unsigned int' to 'const void *' of greater size
  Vertex_buffer.cpp
  Main.cpp
C:\Users\caden\Documents\Code\Real\Physics_Engine\src\Main.cpp(35,20): warning C4244: 'argument': conversion from 'double' to 'DWORD', possible loss of data
      C:\Users\caden\Documents\Code\Real\Physics_Engine\src\Main.cpp(35,20):
      the template instantiation context (the oldest one first) is
          C:\Users\caden\Documents\Code\Real\Physics_Engine\src\Main.cpp(68,22):
          see reference to function template instantiation 'void Call_Engine<Complex_pendulum>(T &,double,void (__cdecl *)(T &,double,std::string),std::string)' being compiled
          with
          [
              T=Complex_pendulum
          ]
  
  Objects.cpp
C:\Users\caden\Documents\Code\Real\Physics_Engine\src\Objects.cpp(15,43): warning C4244: 'argument': conversion from 'double' to 'float', possible loss of data
C:\Users\caden\Documents\Code\Real\Physics_Engine\src\Objects.cpp(23,16): warning C4244: 'initializing': conversion from 'double' to 'float', possible loss of data
C:\Users\caden\Documents\Code\Real\Physics_Engine\src\Objects.cpp(62,75): warning C4244: 'argument': conversion from 'double' to 'float', possible loss of data
C:\Users\caden\Documents\Code\Real\Physics_Engine\src\Objects.cpp(72,16): warning C4244: 'initializing': conversion from 'double' to 'float', possible loss of data
C:\Users\caden\Documents\Code\Real\Physics_Engine\src\Objects.cpp(127,86): warning C4244: 'argument': conversion from 'double' to 'float', possible loss of data
C:\Users\caden\Documents\Code\Real\Physics_Engine\src\Objects.cpp(127,78): warning C4244: 'argument': conversion from 'double' to 'float', possible loss of data
C:\Users\caden\Documents\Code\Real\Physics_Engine\src\Objects.cpp(134,16): warning C4244: 'initializing': conversion from 'double' to 'float', possible loss of data
  Force.cpp
  Minkowski_Difference.cpp
  Physics_Engine.cpp
C:\Users\caden\Documents\Code\Real\Physics_Engine\src\Physics\Physics_Engine.cpp(25,48): warning C4244: 'argument': conversion from 'double' to 'float', possible loss of data
C:\Users\caden\Documents\Code\Real\Physics_Engine\src\Physics\Physics_Engine.cpp(44,48): warning C4244: 'argument': conversion from 'double' to 'float', possible loss of data
C:\Users\caden\Documents\Code\Real\Physics_Engine\src\Physics\Physics_Engine.cpp(83,70): warning C4244: 'argument': conversion from 'double' to 'float', possible loss of data
C:\Users\caden\Documents\Code\Real\Physics_Engine\src\Physics\Physics_Engine.cpp(108,89): warning C4244: 'argument': conversion from 'double' to 'float', possible loss of data
C:\Users\caden\Documents\Code\Real\Physics_Engine\src\Physics\Physics_Engine.cpp(108,71): warning C4244: 'argument': conversion from 'double' to 'float', possible loss of data
  GJK.cpp
  Vec2d.cpp
  Support.cpp
  Generating Code...
glew32s.lib(glew.obj) : warning LNK4099: PDB '' was not found with 'glew32s.lib(glew.obj)' or at ''; linking object as if no debug info
LINK : warning LNK4098: defaultlib 'MSVCRT' conflicts with use of other libs; use /NODEFAULTLIB:library
LINK : warning LNK4098: defaultlib 'LIBCMT' conflicts with use of other libs; use /NODEFAULTLIB:library
  Physics Engine.vcxproj -> C:\Users\caden\Documents\Code\Real\Physics_Engine\x64\Debug\Physics_Engine.exe
